<?xml version="1.0" encoding="UTF-8"?>
<!-- Generated by org.testng.reporters.JUnitXMLReporter -->
<testsuite hostname="NA-DVOZNIUK" ignored="0" name="Validating Text" tests="3" failures="1" timestamp="2020-09-25T01:08:57 PDT" time="19.789" errors="0">
  <testcase name="validateAppNavBar" time="1.545" classname="Academy.E2EProject.ValidateNavbar"/>
  <testcase name="validateHomeHeader" time="1.746" classname="Academy.E2EProject.ValidateTitle"/>
  <testcase name="validateHomeTitle" time="0.127" classname="Academy.E2EProject.ValidateTitle">
    <failure type="java.lang.AssertionError" message="expected [FEATURED 12COURSESsd] but found [FEATURED COURSES]">
      <![CDATA[java.lang.AssertionError: expected [FEATURED 12COURSESsd] but found [FEATURED COURSES]
at Academy.E2EProject.ValidateTitle.validateHomeTitle(ValidateTitle.java:38)
at java.util.ArrayList.forEach(ArrayList.java:1257)
at java.util.concurrent.FutureTask.run(FutureTask.java:266)
at java.util.concurrent.ThreadPoolExecutor.runWorker(ThreadPoolExecutor.java:1149)
at java.util.concurrent.ThreadPoolExecutor$Worker.run(ThreadPoolExecutor.java:624)
at java.lang.Thread.run(Thread.java:748)
... Removed 23 stack frames]]>
    </failure>
  </testcase> <!-- validateHomeTitle -->
</testsuite> <!-- Validating Text -->
