<?xml version="1.0" encoding="UTF-8"?>
<testng-results skipped="0" failed="1" ignored="0" total="5" passed="4">
  <reporter-output>
  </reporter-output>
  <suite name="Suite" duration-ms="28685" started-at="2020-09-25T01:08:37 PDT" finished-at="2020-09-25T01:09:06 PDT">
    <groups>
    </groups>
    <test name="Validating Text" duration-ms="19789" started-at="2020-09-25T01:08:37 PDT" finished-at="2020-09-25T01:08:57 PDT">
      <class name="Academy.E2EProject.ValidateTitle">
        <test-method status="PASS" signature="initialize()[pri:0, instance:Academy.E2EProject.ValidateTitle@4f32a3ad]" name="initialize" is-config="true" duration-ms="14782" started-at="2020-09-25T01:08:37 PDT" finished-at="2020-09-25T01:08:52 PDT">
          <reporter-output>
          </reporter-output>
        </test-method> <!-- initialize -->
        <test-method status="PASS" signature="validateHomeHeader()[pri:0, instance:Academy.E2EProject.ValidateTitle@4f32a3ad]" name="validateHomeHeader" duration-ms="1746" started-at="2020-09-25T01:08:52 PDT" finished-at="2020-09-25T01:08:53 PDT">
          <reporter-output>
          </reporter-output>
        </test-method> <!-- validateHomeHeader -->
        <test-method status="FAIL" signature="validateHomeTitle()[pri:0, instance:Academy.E2EProject.ValidateTitle@4f32a3ad]" name="validateHomeTitle" duration-ms="127" started-at="2020-09-25T01:08:53 PDT" finished-at="2020-09-25T01:08:53 PDT">
          <exception class="java.lang.AssertionError">
            <message>
              <![CDATA[expected [FEATURED 12COURSESsd] but found [FEATURED COURSES]]]>
            </message>
            <full-stacktrace>
              <![CDATA[java.lang.AssertionError: expected [FEATURED 12COURSESsd] but found [FEATURED COURSES]
at org.testng.Assert.fail(Assert.java:97)
at org.testng.Assert.assertEqualsImpl(Assert.java:136)
at org.testng.Assert.assertEquals(Assert.java:118)
at org.testng.Assert.assertEquals(Assert.java:575)
at org.testng.Assert.assertEquals(Assert.java:585)
at Academy.E2EProject.ValidateTitle.validateHomeTitle(ValidateTitle.java:38)
at sun.reflect.NativeMethodAccessorImpl.invoke0(Native Method)
at sun.reflect.NativeMethodAccessorImpl.invoke(NativeMethodAccessorImpl.java:62)
at sun.reflect.DelegatingMethodAccessorImpl.invoke(DelegatingMethodAccessorImpl.java:43)
at java.lang.reflect.Method.invoke(Method.java:498)
at org.testng.internal.MethodInvocationHelper.invokeMethod(MethodInvocationHelper.java:134)
at org.testng.internal.TestInvoker.invokeMethod(TestInvoker.java:597)
at org.testng.internal.TestInvoker.invokeTestMethod(TestInvoker.java:173)
at org.testng.internal.MethodRunner.runInSequence(MethodRunner.java:46)
at org.testng.internal.TestInvoker$MethodInvocationAgent.invoke(TestInvoker.java:816)
at org.testng.internal.TestInvoker.invokeTestMethods(TestInvoker.java:146)
at org.testng.internal.TestMethodWorker.invokeTestMethods(TestMethodWorker.java:146)
at org.testng.internal.TestMethodWorker.run(TestMethodWorker.java:128)
at java.util.ArrayList.forEach(ArrayList.java:1257)
at org.testng.TestRunner.privateRun(TestRunner.java:766)
at org.testng.TestRunner.run(TestRunner.java:587)
at org.testng.SuiteRunner.runTest(SuiteRunner.java:384)
at org.testng.SuiteRunner.access$000(SuiteRunner.java:28)
at org.testng.SuiteRunner$SuiteWorker.run(SuiteRunner.java:425)
at org.testng.internal.thread.ThreadUtil.lambda$execute$0(ThreadUtil.java:68)
at java.util.concurrent.FutureTask.run(FutureTask.java:266)
at java.util.concurrent.ThreadPoolExecutor.runWorker(ThreadPoolExecutor.java:1149)
at java.util.concurrent.ThreadPoolExecutor$Worker.run(ThreadPoolExecutor.java:624)
at java.lang.Thread.run(Thread.java:748)
]]>
            </full-stacktrace>
          </exception> <!-- java.lang.AssertionError -->
          <reporter-output>
          </reporter-output>
        </test-method> <!-- validateHomeTitle -->
        <test-method status="PASS" signature="teardown()[pri:0, instance:Academy.E2EProject.ValidateTitle@4f32a3ad]" name="teardown" is-config="true" duration-ms="2324" started-at="2020-09-25T01:08:54 PDT" finished-at="2020-09-25T01:08:57 PDT">
          <reporter-output>
          </reporter-output>
        </test-method> <!-- teardown -->
      </class> <!-- Academy.E2EProject.ValidateTitle -->
    </test> <!-- Validating Text -->
    <test name="Validating Navbar" duration-ms="18990" started-at="2020-09-25T01:08:37 PDT" finished-at="2020-09-25T01:08:56 PDT">
      <class name="Academy.E2EProject.ValidateNavbar">
        <test-method status="PASS" signature="initialize()[pri:0, instance:Academy.E2EProject.ValidateNavbar@66982506]" name="initialize" is-config="true" duration-ms="14700" started-at="2020-09-25T01:08:37 PDT" finished-at="2020-09-25T01:08:52 PDT">
          <reporter-output>
          </reporter-output>
        </test-method> <!-- initialize -->
        <test-method status="PASS" signature="validateAppNavBar()[pri:0, instance:Academy.E2EProject.ValidateNavbar@66982506]" name="validateAppNavBar" duration-ms="1545" started-at="2020-09-25T01:08:52 PDT" finished-at="2020-09-25T01:08:53 PDT">
          <reporter-output>
          </reporter-output>
        </test-method> <!-- validateAppNavBar -->
        <test-method status="PASS" signature="teardown()[pri:0, instance:Academy.E2EProject.ValidateNavbar@66982506]" name="teardown" is-config="true" duration-ms="2720" started-at="2020-09-25T01:08:53 PDT" finished-at="2020-09-25T01:08:56 PDT">
          <reporter-output>
          </reporter-output>
        </test-method> <!-- teardown -->
      </class> <!-- Academy.E2EProject.ValidateNavbar -->
    </test> <!-- Validating Navbar -->
    <test name="Validating Homepage" duration-ms="28684" started-at="2020-09-25T01:08:37 PDT" finished-at="2020-09-25T01:09:06 PDT">
      <class name="Academy.E2EProject.HomePage">
        <test-method status="PASS" signature="initialize()[pri:0, instance:Academy.E2EProject.HomePage@2b30a42c]" name="initialize" is-config="true" duration-ms="4664" started-at="2020-09-25T01:08:37 PDT" finished-at="2020-09-25T01:08:41 PDT">
          <reporter-output>
          </reporter-output>
        </test-method> <!-- initialize -->
        <test-method status="PASS" signature="basePageNavig(java.lang.String, java.lang.String, java.lang.String)[pri:0, instance:Academy.E2EProject.HomePage@2b30a42c]" name="basePageNavig" duration-ms="17934" started-at="2020-09-25T01:08:42 PDT" data-provider="getData" finished-at="2020-09-25T01:08:59 PDT">
          <params>
            <param index="0">
              <value>
                <![CDATA[nonrestrict@gmail.com]]>
              </value>
            </param>
            <param index="1">
              <value>
                <![CDATA[123456]]>
              </value>
            </param>
            <param index="2">
              <value>
                <![CDATA[Non-restricted user]]>
              </value>
            </param>
          </params>
          <reporter-output>
          </reporter-output>
        </test-method> <!-- basePageNavig -->
        <test-method status="PASS" signature="basePageNavig(java.lang.String, java.lang.String, java.lang.String)[pri:0, instance:Academy.E2EProject.HomePage@2b30a42c]" name="basePageNavig" duration-ms="5855" started-at="2020-09-25T01:08:59 PDT" data-provider="getData" finished-at="2020-09-25T01:09:05 PDT">
          <params>
            <param index="0">
              <value>
                <![CDATA[restrict@gmail.com]]>
              </value>
            </param>
            <param index="1">
              <value>
                <![CDATA[876543]]>
              </value>
            </param>
            <param index="2">
              <value>
                <![CDATA[Restricted user]]>
              </value>
            </param>
          </params>
          <reporter-output>
          </reporter-output>
        </test-method> <!-- basePageNavig -->
        <test-method status="PASS" signature="teardown()[pri:0, instance:Academy.E2EProject.HomePage@2b30a42c]" name="teardown" is-config="true" duration-ms="166" started-at="2020-09-25T01:09:05 PDT" finished-at="2020-09-25T01:09:06 PDT">
          <reporter-output>
          </reporter-output>
        </test-method> <!-- teardown -->
      </class> <!-- Academy.E2EProject.HomePage -->
    </test> <!-- Validating Homepage -->
  </suite> <!-- Suite -->
</testng-results>
